2023/08/17 08:42:04 start git config --global user.email remote@email.com
2023/08/17 08:42:04 正常実行
2023/08/17 08:42:04 end git config --global user.email remote@email.com
2023/08/17 08:42:04 start git config --global user.name remote
2023/08/17 08:42:04 正常実行
2023/08/17 08:42:04 end git config --global user.name remote
2023/08/17 08:42:04 start git add :
2023/08/17 08:42:04 正常実行
2023/08/17 08:42:04 end git add :
2023/08/17 08:42:04 start git commit -a -m CountUp-BuildNum
2023/08/17 08:46:39 start git config --global user.email remote@email.com
2023/08/17 08:46:39 正常実行
2023/08/17 08:46:39 end git config --global user.email remote@email.com
2023/08/17 08:46:39 start git config --global user.name remote
2023/08/17 08:46:39 正常実行
2023/08/17 08:46:39 end git config --global user.name remote
2023/08/17 08:46:39 start git add :
2023/08/17 08:46:39 正常実行
2023/08/17 08:46:39 end git add :
2023/08/17 08:46:39 start git commit -a -m CountUp-BuildNum
2023/08/19 00:20:38 start git config --global user.email remote@email.com
2023/08/19 00:20:38 正常実行
2023/08/19 00:20:38 end git config --global user.email remote@email.com
2023/08/19 00:20:38 start git config --global user.name remote
2023/08/19 00:20:38 正常実行
2023/08/19 00:20:38 end git config --global user.name remote
2023/08/19 00:20:38 start git add :
2023/08/19 00:20:38 正常実行
2023/08/19 00:20:38 end git add :
2023/08/19 00:20:38 start git commit -a -m CountUp-BuildNum
